<?xml version="1.0" encoding="UTF-8"?>
<!-- Generated by org.testng.reporters.JUnitReportReporter -->
<testsuite hostname="DESKTOP-2AJ86QE" failures="0" tests="1" name="testCases.AmazonCart" time="16.821" errors="0" timestamp="2024-11-04T02:05:23 IST" skipped="0">
  <testcase classname="testCases.AmazonCart" name="testAmazonPurchaseFlow" time="16.821"/>
</testsuite> <!-- testCases.AmazonCart -->
